#
# There is insufficient memory for the Java Runtime Environment to continue.
# Native memory allocation (mmap) failed to map 132120576 bytes for Failed to commit area from 0x0000000082a00000 to 0x000000008a800000 of length 132120576.
# Possible reasons:
#   The system is out of physical RAM or swap space
#   The process is running with CompressedOops enabled, and the Java Heap may be blocking the growth of the native heap
# Possible solutions:
#   Reduce memory load on the system
#   Increase physical memory or swap space
#   Check if swap backing store is full
#   Decrease Java heap size (-Xmx/-Xms)
#   Decrease number of Java threads
#   Decrease Java thread stack sizes (-Xss)
#   Set larger code cache with -XX:ReservedCodeCacheSize=
# This output file may be truncated or incomplete.
#
#  Out of Memory Error (c:/BuildAgent/work/494cbf65e275b67e/src/hotspot/os/windows/os_windows.cpp:3272), pid=2072, tid=22744
#
# JRE version:  (11.0.3+12) (build )
# Java VM: OpenJDK 64-Bit Server VM (11.0.3+12-b304.10, mixed mode, aot, sharing, tiered, compressed oops, g1 gc, windows-amd64)
# No core dump will be written. Minidumps are not enabled by default on client versions of Windows
#

---------------  S U M M A R Y ------------

Command Line: org.jetbrains.git4idea.http.GitAskPassApp Password for 'https://udensiclem@bitbucket.org': 

Host: Intel(R) Pentium(R) CPU  N3710  @ 1.60GHz, 4 cores, 7G,  Windows 10 , 64 bit Build 17134 (10.0.17134.1)
Time: Mon Aug 26 01:37:46 2019 Romance Standard Time elapsed time: 0 seconds (0d 0h 0m 0s)

---------------  T H R E A D  ---------------

Current thread (0x000001c74ad98000):  JavaThread "Unknown thread" [_thread_in_vm, id=22744, stack(0x0000002f83a00000,0x0000002f83b00000)]

Stack: [0x0000002f83a00000,0x0000002f83b00000]
Native frames: (J=compiled Java code, j=interpreted, Vv=VM code, C=native code)
V  [jvm.dll+0x5da77a]
V  [jvm.dll+0x70b9c9]
V  [jvm.dll+0x70cee8]
V  [jvm.dll+0x70d5b3]
V  [jvm.dll+0x23ddc8]
V  [jvm.dll+0x5d7ef4]
V  [jvm.dll+0x5ccfc5]
V  [jvm.dll+0x2fa44b]
V  [jvm.dll+0x2fa3ba]
V  [jvm.dll+0x2fa292]
V  [jvm.dll+0x2ff156]
V  [jvm.dll+0x3474c3]
V  [jvm.dll+0x347bc6]
V  [jvm.dll+0x3475c3]
V  [jvm.dll+0x2d4f68]
V  [jvm.dll+0x2d6107]
V  [jvm.dll+0x6eabf7]
V  [jvm.dll+0x6ec38c]
V  [jvm.dll+0x354c29]
V  [jvm.dll+0x6d28ae]
V  [jvm.dll+0x3bd363]
V  [jvm.dll+0x3bf7a1]
C  [java.exe+0x3763]
C  [java.exe+0x17a0c]
C  [KERNEL32.DLL+0x13034]
C  [ntdll.dll+0x71461]


---------------  P R O C E S S  ---------------

Threads class SMR info:
_java_thread_list=0x000001c748cf2fa0, length=0, elements={
}

Java Threads: ( => current thread )

Other Threads:
  0x000001c74adb0000 GCTaskThread "GC Thread#0" [stack: 0x0000002f83b00000,0x0000002f83c00000] [id=3900]
  0x000001c74ade0000 ConcurrentGCThread "G1 Main Marker" [stack: 0x0000002f83c00000,0x0000002f83d00000] [id=13792]
  0x000001c74ade1800 ConcurrentGCThread "G1 Conc#0" [stack: 0x0000002f83d00000,0x0000002f83e00000] [id=16388]

[error occurred during error reporting (printing all threads), id 0xc0000005, EXCEPTION_ACCESS_VIOLATION (0xc0000005) at pc=0x00007ffbd3ec5507]

VM state:not at safepoint (not fully initialized)

VM Mutex/Monitor currently owned by a thread:  ([mutex/lock_event])
[0x000001c74ad938f0] Heap_lock - owner thread: 0x000001c74ad98000

Heap address: 0x0000000082a00000, size: 2006 MB, Compressed Oops mode: Non-zero based: 0x0000000082a00000
Narrow klass base: 0x0000000000000000, Narrow klass shift: 0

GC Heap History (0 events):
No events

Deoptimization events (0 events):
No events

Classes redefined (0 events):
No events

Internal exceptions (0 events):
No events

Events (0 events):
No events


Dynamic libraries:
0x00007ff617df0000 - 0x00007ff617e37000 	C:\Program Files\JetBrains\PhpStorm 2019.2\jbr\bin\java.exe
0x00007ffc21a90000 - 0x00007ffc21c71000 	C:\WINDOWS\SYSTEM32\ntdll.dll
0x00007ffc21510000 - 0x00007ffc215c2000 	C:\WINDOWS\System32\KERNEL32.DLL
0x00007ffc1ea50000 - 0x00007ffc1ecc3000 	C:\WINDOWS\System32\KERNELBASE.dll
0x00007ffc20940000 - 0x00007ffc20ad0000 	C:\WINDOWS\System32\USER32.dll
0x00007ffc1de60000 - 0x00007ffc1de80000 	C:\WINDOWS\System32\win32u.dll
0x00007ffc208b0000 - 0x00007ffc208d8000 	C:\WINDOWS\System32\GDI32.dll
0x00007ffc1df30000 - 0x00007ffc1e0c2000 	C:\WINDOWS\System32\gdi32full.dll
0x00007ffc1e960000 - 0x00007ffc1e9ff000 	C:\WINDOWS\System32\msvcp_win.dll
0x00007ffc1e860000 - 0x00007ffc1e95a000 	C:\WINDOWS\System32\ucrtbase.dll
0x00007ffc0fe00000 - 0x00007ffc10069000 	C:\WINDOWS\WinSxS\amd64_microsoft.windows.common-controls_6595b64144ccf1df_6.0.17134.285_none_fb4297e330656775\COMCTL32.dll
0x00007ffc20db0000 - 0x00007ffc20e4e000 	C:\WINDOWS\System32\msvcrt.dll
0x00007ffc210c0000 - 0x00007ffc213e3000 	C:\WINDOWS\System32\combase.dll
0x00007ffc215d0000 - 0x00007ffc216f4000 	C:\WINDOWS\System32\RPCRT4.dll
0x00007ffc1e7e0000 - 0x00007ffc1e85a000 	C:\WINDOWS\System32\bcryptPrimitives.dll
0x00007ffc20c50000 - 0x00007ffc20c7d000 	C:\WINDOWS\System32\IMM32.DLL
0x00007ffc02c80000 - 0x00007ffc02c97000 	C:\Program Files\JetBrains\PhpStorm 2019.2\jbr\bin\vcruntime140.dll
0x00007ffbec680000 - 0x00007ffbec71d000 	C:\Program Files\JetBrains\PhpStorm 2019.2\jbr\bin\msvcp140.dll
0x00007ffbd3be0000 - 0x00007ffbd4697000 	C:\Program Files\JetBrains\PhpStorm 2019.2\jbr\bin\server\jvm.dll
0x00007ffc217e0000 - 0x00007ffc21881000 	C:\WINDOWS\System32\ADVAPI32.dll
0x00007ffc21400000 - 0x00007ffc2145b000 	C:\WINDOWS\System32\sechost.dll
0x00007ffc207b0000 - 0x00007ffc207b8000 	C:\WINDOWS\System32\PSAPI.DLL
0x00007ffc1c9a0000 - 0x00007ffc1c9a9000 	C:\WINDOWS\SYSTEM32\WSOCK32.dll
0x00007ffc1ba70000 - 0x00007ffc1ba93000 	C:\WINDOWS\SYSTEM32\WINMM.dll
0x00007ffc10080000 - 0x00007ffc1008a000 	C:\WINDOWS\SYSTEM32\VERSION.dll
0x00007ffc21050000 - 0x00007ffc210bc000 	C:\WINDOWS\System32\WS2_32.dll
0x00007ffc1ba40000 - 0x00007ffc1ba6a000 	C:\WINDOWS\SYSTEM32\WINMMBASE.dll
0x00007ffc1ea00000 - 0x00007ffc1ea49000 	C:\WINDOWS\System32\cfgmgr32.dll
0x00007ffc1dde0000 - 0x00007ffc1ddf1000 	C:\WINDOWS\System32\kernel.appcore.dll
0x00007ffc04120000 - 0x00007ffc04131000 	C:\Program Files\JetBrains\PhpStorm 2019.2\jbr\bin\verify.dll
0x00007ffc1c7d0000 - 0x00007ffc1c999000 	C:\WINDOWS\SYSTEM32\DBGHELP.DLL
0x00007ffc0c750000 - 0x00007ffc0c779000 	C:\WINDOWS\SYSTEM32\dbgcore.DLL
0x00007ffbf5770000 - 0x00007ffbf5799000 	C:\Program Files\JetBrains\PhpStorm 2019.2\jbr\bin\java.dll
0x00007ffbf8e60000 - 0x00007ffbf8e77000 	C:\Program Files\JetBrains\PhpStorm 2019.2\jbr\bin\zip.dll
0x00007ffc0bb60000 - 0x00007ffc0bb6b000 	C:\Program Files\JetBrains\PhpStorm 2019.2\jbr\bin\jimage.dll

dbghelp: loaded successfully - version: 4.0.5 - missing functions: none
symbol engine: initialized successfully - sym options: 0x614 - pdb path: .;C:\Program Files\JetBrains\PhpStorm 2019.2\jbr\bin;C:\WINDOWS\SYSTEM32;C:\WINDOWS\WinSxS\amd64_microsoft.windows.common-controls_6595b64144ccf1df_6.0.17134.285_none_fb4297e330656775;C:\Program Files\JetBrains\PhpStorm 2019.2\jbr\bin\server

VM Arguments:
java_command: org.jetbrains.git4idea.http.GitAskPassApp Password for 'https://udensiclem@bitbucket.org': 
java_class_path (initial): C:/Program Files/JetBrains/PhpStorm 2019.2/plugins/git4idea/lib/git4idea-rt.jar;C:/Program Files/JetBrains/PhpStorm 2019.2/lib/xmlrpc-2.0.1.jar;C:/Program Files/JetBrains/PhpStorm 2019.2/lib/commons-codec-1.12.jar;C:/Program Files/JetBrains/PhpStorm 2019.2/lib/util.jar
Launcher Type: SUN_STANDARD

[Global flags]
     intx CICompilerCount                          = 3                                         {product} {ergonomic}
     uint ConcGCThreads                            = 1                                         {product} {ergonomic}
     uint G1ConcRefinementThreads                  = 4                                         {product} {ergonomic}
   size_t G1HeapRegionSize                         = 1048576                                   {product} {ergonomic}
    uintx GCDrainStackTargetSize                   = 64                                        {product} {ergonomic}
   size_t InitialHeapSize                          = 132120576                                 {product} {ergonomic}
   size_t MarkStackSize                            = 4194304                                   {product} {ergonomic}
   size_t MaxHeapSize                              = 2103443456                                {product} {ergonomic}
   size_t MinHeapDeltaBytes                        = 1048576                                   {product} {ergonomic}
    uintx NonNMethodCodeHeapSize                   = 5830092                                {pd product} {ergonomic}
    uintx NonProfiledCodeHeapSize                  = 122914074                              {pd product} {ergonomic}
    uintx ProfiledCodeHeapSize                     = 122914074                              {pd product} {ergonomic}
    uintx ReservedCodeCacheSize                    = 251658240                              {pd product} {ergonomic}
     bool SegmentedCodeCache                       = true                                      {product} {ergonomic}
     bool UseCompressedClassPointers               = true                                 {lp64_product} {ergonomic}
     bool UseCompressedOops                        = true                                 {lp64_product} {ergonomic}
     bool UseG1GC                                  = true                                      {product} {ergonomic}
     bool UseLargePagesIndividualAllocation        = false                                  {pd product} {ergonomic}

Logging:
Log output configuration:
 #0: stdout all=warning uptime,level,tags
 #1: stderr all=off uptime,level,tags

Environment Variables:
PATH=C:\Program Files\Git\mingw64\libexec\git-core;C:\Program Files\Git\mingw64\libexec\git-core;C:\Program Files\Git\mingw64\bin;C:\Program Files\Git\usr\bin;C:\Users\cjaym\bin;C:\Program Files\JetBrains\PhpStorm 2019.2\jbr\bin;C:\Program Files\JetBrains\PhpStorm 2019.2\jbr\bin\server;C:\Program Files (x86)\Common Files\Oracle\Java\javapath;C:\ProgramData\Oracle\Java\javapath;C:\Program Files (x86)\Intel\TXE Components\TCS;C:\Program Files\Intel\TXE Components\TCS;C:\WINDOWS\system32;C:\WINDOWS;C:\WINDOWS\System32\Wbem;C:\WINDOWS\System32\WindowsPowerShell\v1.0;C:\Program Files\Intel\TXE Components\DAL;C:\Program Files (x86)\Intel\TXE Components\DAL;C:\Program Files\Intel\TXE Components\IPT;C:\Program Files (x86)\Intel\TXE Components\IPT;C:\WINDOWS\System32\OpenSSH;C:\Program Files\Intel\WiFi\bin;C:\Program Files\Common Files\Intel\WirelessCommon;C:\Program Files\nodejs;C:\Python27\Scripts;C:\Python27;C:\Program Files\Amazon\AWSCLI\bin;C:\Go\bin;C:\Program Files\coldbrew;C:\Program Files\Git\cmd;C:\Program Files\MongoDB\Server\4.0\bin;C:\Users\cjaym\AppData\Roaming\Python\Python37\Scripts;C:\Program Files\OpenSSH\bin;C:\Program Files (x86)\Yarn\bin;C:\Program Files\MySQL\MySQL Server 8.0.15\bin;C:\Program Files\MySQL\MySQL Router 8.0\bin;C:\Program Files\MySQL\MySQL Shell 8.0\bin;C:\Program Files\Solidity;C:\Program Files\PuTTY;C:\Users\cjaym\.windows-build-tools\python27;C:\Program Files\nodejs\node_modules\npm\node_modules\npm-lifecycle\node-gyp-bin;C:\Users\cjaym\AppData\Roaming\npm\node_modules\windows-build-tools\node_modules\.bin;C:\Users\cjaym\AppData\Roaming\npm\node_modules\.bin;C:\Program Files (x86)\Common Files\Oracle\Java\javapath;C:\ProgramData\Oracle\Java\javapath;C:\Program Files (x86)\Intel\TXE Components\TCS;C:\Program Files\Intel\TXE Components\TCS;C:\WINDOWS\system32;C:\WINDOWS;C:\WINDOWS\System32\Wbem;C:\WINDOWS\System32\WindowsPowerShell\v1.0;C:\Program Files\Intel\TXE Components\DAL;C:\Program Files (x86)\Intel\TXE Components\DAL;C:\Program File
USERNAME=cjaym
DISPLAY=:0.0
OS=Windows_NT
PROCESSOR_IDENTIFIER=Intel64 Family 6 Model 76 Stepping 4, GenuineIntel



---------------  S Y S T E M  ---------------

OS: Windows 10 , 64 bit Build 17134 (10.0.17134.1)

CPU:total 4 (initial active 4) (4 cores per cpu, 1 threads per core) family 6 model 76 stepping 4, cmov, cx8, fxsr, mmx, sse, sse2, sse3, ssse3, sse4.1, sse4.2, popcnt, aes, clmul, erms, 3dnowpref, tsc, tscinvbit

Memory: 4k page, system-wide physical 8018M (2002M free)
TotalPageFile size 32594M (AvailPageFile size 72M)
current process WorkingSet (physical memory assigned to process): 9M, peak: 9M
current process commit charge ("private bytes"): 51M, peak: 177M

vm_info: OpenJDK 64-Bit Server VM (11.0.3+12-b304.10) for windows-amd64 JRE (11.0.3+12-b304.10), built on Jun 25 2019 07:10:45 by "" with MS VC++ 14.0 (VS2015)

END.
